2023-12-29 18:13:32.692  INFO 31344 --- [main] (system) c.example.MyProjectBackendApplication    : Starting MyProjectBackendApplication using Java 17.0.7 with PID 31344 (D:\JavaProject\My-project-Temp\my-project-backend\target\classes started by 56854 in D:\JavaProject\My-project-Temp)
2023-12-29 18:13:32.693  INFO 31344 --- [main] (system) c.example.MyProjectBackendApplication    : No active profile set, falling back to 1 default profile: "default"
2023-12-29 18:13:33.359  INFO 31344 --- [main] (system) .s.d.r.c.RepositoryConfigurationDelegate : Multiple Spring Data modules found, entering strict repository configuration mode
2023-12-29 18:13:33.362  INFO 31344 --- [main] (system) .s.d.r.c.RepositoryConfigurationDelegate : Bootstrapping Spring Data Redis repositories in DEFAULT mode.
2023-12-29 18:13:33.396  INFO 31344 --- [main] (system) .s.d.r.c.RepositoryConfigurationDelegate : Finished Spring Data repository scanning in 18 ms. Found 0 Redis repository interfaces.
2023-12-29 18:13:33.996  INFO 31344 --- [main] (system) o.s.b.w.embedded.tomcat.TomcatWebServer  : Tomcat initialized with port(s): 8080 (http)
2023-12-29 18:13:34.005  INFO 31344 --- [main] (system) o.apache.catalina.core.StandardService   : Starting service [Tomcat]
2023-12-29 18:13:34.005  INFO 31344 --- [main] (system) o.apache.catalina.core.StandardEngine    : Starting Servlet engine: [Apache Tomcat/10.1.16]
2023-12-29 18:13:34.084  INFO 31344 --- [main] (system) o.a.c.c.C.[Tomcat].[localhost].[/]       : Initializing Spring embedded WebApplicationContext
2023-12-29 18:13:34.084  INFO 31344 --- [main] (system) w.s.c.ServletWebServerApplicationContext : Root WebApplicationContext: initialization completed in 1351 ms
2023-12-29 18:13:35.293  INFO 31344 --- [main] (system) o.s.s.web.DefaultSecurityFilterChain     : Will secure any request with [org.springframework.security.web.session.DisableEncodeUrlFilter@6fefc5ea, org.springframework.security.web.context.request.async.WebAsyncManagerIntegrationFilter@6159fb3c, org.springframework.security.web.context.SecurityContextHolderFilter@4e20a985, org.springframework.security.web.header.HeaderWriterFilter@433b1597, org.springframework.security.web.authentication.logout.LogoutFilter@66682e8f, com.example.filter.JwtAuthenticationTokenFilter@6546371, org.springframework.security.web.authentication.UsernamePasswordAuthenticationFilter@55fe9c2f, org.springframework.security.web.savedrequest.RequestCacheAwareFilter@6071631f, org.springframework.security.web.servletapi.SecurityContextHolderAwareRequestFilter@1fba3fd6, org.springframework.security.web.authentication.AnonymousAuthenticationFilter@68f79b7c, org.springframework.security.web.session.SessionManagementFilter@14d18029, org.springframework.security.web.access.ExceptionTranslationFilter@2a6c751f, org.springframework.security.web.access.intercept.AuthorizationFilter@76d1f6ea]
2023-12-29 18:13:35.527  WARN 31344 --- [main] (system) ocalVariableTableParameterNameDiscoverer : Using deprecated '-debug' fallback for parameter name resolution. Compile the affected code with '-parameters' instead or avoid its introspection: org.springframework.amqp.rabbit.core.RabbitAdmin
2023-12-29 18:13:35.579  INFO 31344 --- [main] (system) o.s.b.w.embedded.tomcat.TomcatWebServer  : Tomcat started on port(s): 8080 (http) with context path ''
2023-12-29 18:13:35.582  INFO 31344 --- [main] (system) o.s.a.r.c.CachingConnectionFactory       : Attempting to connect to: [localhost:5672]
2023-12-29 18:13:35.640  INFO 31344 --- [main] (system) o.s.a.r.c.CachingConnectionFactory       : Created new connection: rabbitConnectionFactory#65ef9a0a:0/SimpleConnection@614361fa [delegate=amqp://root@127.0.0.1:5672//test, localPort=6278]
2023-12-29 18:13:35.687  INFO 31344 --- [main] (system) c.example.MyProjectBackendApplication    : Started MyProjectBackendApplication in 3.599 seconds (process running for 4.411)
2023-12-29 18:13:38.012  INFO 31344 --- [org.springframework.amqp.rabbit.RabbitListenerEndpointContainer#0-2] (system) o.s.a.r.l.SimpleMessageListenerContainer : Waiting for workers to finish.
2023-12-29 18:13:38.706  INFO 31344 --- [org.springframework.amqp.rabbit.RabbitListenerEndpointContainer#0-2] (system) o.s.a.r.l.SimpleMessageListenerContainer : Successfully waited for workers to finish.
2023-12-29 19:05:39.295  INFO 16288 --- [main] (system) c.example.MyProjectBackendApplication    : Starting MyProjectBackendApplication using Java 17.0.7 with PID 16288 (D:\JavaProject\My-project-Temp\my-project-backend\target\classes started by 56854 in D:\JavaProject\My-project-Temp)
2023-12-29 19:05:39.297  INFO 16288 --- [main] (system) c.example.MyProjectBackendApplication    : The following 1 profile is active: "dev"
2023-12-29 19:05:40.135  INFO 16288 --- [main] (system) .s.d.r.c.RepositoryConfigurationDelegate : Multiple Spring Data modules found, entering strict repository configuration mode
2023-12-29 19:05:40.139  INFO 16288 --- [main] (system) .s.d.r.c.RepositoryConfigurationDelegate : Bootstrapping Spring Data Redis repositories in DEFAULT mode.
2023-12-29 19:05:40.176  INFO 16288 --- [main] (system) .s.d.r.c.RepositoryConfigurationDelegate : Finished Spring Data repository scanning in 19 ms. Found 0 Redis repository interfaces.
2023-12-29 19:05:40.803  INFO 16288 --- [main] (system) o.s.b.w.embedded.tomcat.TomcatWebServer  : Tomcat initialized with port(s): 8080 (http)
2023-12-29 19:05:40.813  INFO 16288 --- [main] (system) o.apache.catalina.core.StandardService   : Starting service [Tomcat]
2023-12-29 19:05:40.813  INFO 16288 --- [main] (system) o.apache.catalina.core.StandardEngine    : Starting Servlet engine: [Apache Tomcat/10.1.16]
2023-12-29 19:05:40.893  INFO 16288 --- [main] (system) o.a.c.c.C.[Tomcat].[localhost].[/]       : Initializing Spring embedded WebApplicationContext
2023-12-29 19:05:40.893  INFO 16288 --- [main] (system) w.s.c.ServletWebServerApplicationContext : Root WebApplicationContext: initialization completed in 1536 ms
2023-12-29 19:05:42.467  INFO 16288 --- [main] (system) o.s.s.web.DefaultSecurityFilterChain     : Will secure any request with [org.springframework.security.web.session.DisableEncodeUrlFilter@31dbf5bb, org.springframework.security.web.context.request.async.WebAsyncManagerIntegrationFilter@1f19d423, org.springframework.security.web.context.SecurityContextHolderFilter@106802ea, org.springframework.security.web.header.HeaderWriterFilter@71418a4a, org.springframework.security.web.authentication.logout.LogoutFilter@68f79b7c, com.example.filter.JwtAuthenticationTokenFilter@6fef75c6, org.springframework.security.web.authentication.UsernamePasswordAuthenticationFilter@217b0952, org.springframework.security.web.savedrequest.RequestCacheAwareFilter@3d8bd881, org.springframework.security.web.servletapi.SecurityContextHolderAwareRequestFilter@4ff0706c, org.springframework.security.web.authentication.AnonymousAuthenticationFilter@73958426, org.springframework.security.web.session.SessionManagementFilter@69d021c1, org.springframework.security.web.access.ExceptionTranslationFilter@17332039, org.springframework.security.web.access.intercept.AuthorizationFilter@4888d1ea]
2023-12-29 19:05:42.806  WARN 16288 --- [main] (system) ocalVariableTableParameterNameDiscoverer : Using deprecated '-debug' fallback for parameter name resolution. Compile the affected code with '-parameters' instead or avoid its introspection: org.springframework.amqp.rabbit.core.RabbitAdmin
2023-12-29 19:05:42.859  INFO 16288 --- [main] (system) o.s.b.w.embedded.tomcat.TomcatWebServer  : Tomcat started on port(s): 8080 (http) with context path ''
2023-12-29 19:05:42.863  INFO 16288 --- [main] (system) o.s.a.r.c.CachingConnectionFactory       : Attempting to connect to: [localhost:5672]
2023-12-29 19:05:42.911  INFO 16288 --- [main] (system) o.s.a.r.c.CachingConnectionFactory       : Created new connection: rabbitConnectionFactory#aedc426:0/SimpleConnection@34cfdd84 [delegate=amqp://root@127.0.0.1:5672//test, localPort=7079]
2023-12-29 19:05:42.952  INFO 16288 --- [main] (system) c.example.MyProjectBackendApplication    : Started MyProjectBackendApplication in 4.399 seconds (process running for 5.231)
2023-12-29 19:06:12.837  INFO 16288 --- [http-nio-8080-exec-1] (system) o.a.c.c.C.[Tomcat].[localhost].[/]       : Initializing Spring DispatcherServlet 'dispatcherServlet'
2023-12-29 19:06:12.837  INFO 16288 --- [http-nio-8080-exec-1] (system) o.s.web.servlet.DispatcherServlet        : Initializing Servlet 'dispatcherServlet'
2023-12-29 19:06:12.839  INFO 16288 --- [http-nio-8080-exec-1] (system) o.s.web.servlet.DispatcherServlet        : Completed initialization in 2 ms
2023-12-29 19:06:13.560  WARN 16288 --- [http-nio-8080-exec-1] (system) o.s.w.s.h.HandlerMappingIntrospector     : Cache miss for REQUEST dispatch to '/api/user/info' (previous null). Performing MatchableHandlerMapping lookup. This is logged once only at WARN level, and every time at TRACE.
2023-12-29 19:06:13.572  INFO 16288 --- [http-nio-8080-exec-1] (system) c.e.h.s.AuthenticationEntryPointImpl     : 认证处理处理器开始
2023-12-29 19:06:13.573  INFO 16288 --- [http-nio-8080-exec-1] (system) c.e.h.s.AuthenticationEntryPointImpl     : 认证处理器结束
2023-12-29 19:07:08.737  INFO 16288 --- [http-nio-8080-exec-4] (53519816207765504) com.example.filter.RequestLogFilter      : 请求URL: "/api/user/info" (GET) | 远程IP地址: 0:0:0:0:0:0:0:1 │ 身份: 未验证 | 请求参数列表: {}
2023-12-29 19:07:08.753  WARN 16288 --- [http-nio-8080-exec-4] (53519816207765504) .w.s.m.s.DefaultHandlerExceptionResolver : Resolved [org.springframework.web.bind.ServletRequestBindingException: Missing request attribute 'userId' of type int]
2023-12-29 19:07:08.753  INFO 16288 --- [http-nio-8080-exec-4] (53519816207765504) com.example.filter.RequestLogFilter      : 请求处理耗时: 17ms | 响应结果: 400 错误
2023-12-29 19:07:16.837  INFO 16288 --- [http-nio-8080-exec-6] (53519850185822208) com.example.filter.RequestLogFilter      : 请求URL: "/api/user/info" (GET) | 远程IP地址: 0:0:0:0:0:0:0:1 │ 身份: 未验证 | 请求参数列表: {}
2023-12-29 19:07:16.838  WARN 16288 --- [http-nio-8080-exec-6] (53519850185822208) .w.s.m.s.DefaultHandlerExceptionResolver : Resolved [org.springframework.web.bind.ServletRequestBindingException: Missing request attribute 'userId' of type int]
2023-12-29 19:07:16.838  INFO 16288 --- [http-nio-8080-exec-6] (53519850185822208) com.example.filter.RequestLogFilter      : 请求处理耗时: 1ms | 响应结果: 400 错误
2023-12-29 19:09:04.120  INFO 16288 --- [http-nio-8080-exec-10] (system) c.e.h.s.AuthenticationEntryPointImpl     : 认证处理处理器开始
2023-12-29 19:09:04.121  INFO 16288 --- [http-nio-8080-exec-10] (system) c.e.h.s.AuthenticationEntryPointImpl     : 认证处理器结束
2023-12-29 19:09:22.005  WARN 16288 --- [http-nio-8080-exec-9] (system) c.b.m.c.t.support.ReflectLambdaMeta      : Unable to make field private final java.lang.Class java.lang.invoke.SerializedLambda.capturingClass accessible: module java.base does not "opens java.lang.invoke" to unnamed module @3857f613
2023-12-29 19:09:22.031  INFO 16288 --- [http-nio-8080-exec-9] (system) com.zaxxer.hikari.HikariDataSource       : HikariPool-1 - Starting...
2023-12-29 19:09:22.307  INFO 16288 --- [http-nio-8080-exec-9] (system) com.zaxxer.hikari.pool.HikariPool        : HikariPool-1 - Added connection com.mysql.cj.jdbc.ConnectionImpl@4038db12
2023-12-29 19:09:22.309  INFO 16288 --- [http-nio-8080-exec-9] (system) com.zaxxer.hikari.HikariDataSource       : HikariPool-1 - Start completed.
2023-12-29 19:09:22.445  INFO 16288 --- [http-nio-8080-exec-9] (system) com.example.config.SecurityConfig        : 登录失败
2023-12-29 19:09:53.959  INFO 16288 --- [http-nio-8080-exec-1] (53520509203255296) com.example.filter.RequestLogFilter      : 请求URL: "/api/user/login" (POST) | 远程IP地址: 0:0:0:0:0:0:0:1 │ 身份: 未验证 | 请求参数列表: {}
2023-12-29 19:09:53.962  INFO 16288 --- [http-nio-8080-exec-1] (53520509203255296) com.example.filter.RequestLogFilter      : 请求处理耗时: 3ms | 响应结果: 404 错误
2023-12-29 19:10:01.140  INFO 16288 --- [http-nio-8080-exec-2] (53520539322552320) com.example.filter.RequestLogFilter      : 请求URL: "/api/user/info" (GET) | 远程IP地址: 0:0:0:0:0:0:0:1 │ 身份: 未验证 | 请求参数列表: {}
2023-12-29 19:10:01.141  WARN 16288 --- [http-nio-8080-exec-2] (53520539322552320) .w.s.m.s.DefaultHandlerExceptionResolver : Resolved [org.springframework.web.bind.ServletRequestBindingException: Missing request attribute 'userId' of type int]
2023-12-29 19:10:01.141  INFO 16288 --- [http-nio-8080-exec-2] (53520539322552320) com.example.filter.RequestLogFilter      : 请求处理耗时: 1ms | 响应结果: 400 错误
2023-12-29 19:10:11.783  INFO 16288 --- [http-nio-8080-exec-4] (53520583962529792) com.example.filter.RequestLogFilter      : 请求URL: "/api/user/info" (GET) | 远程IP地址: 0:0:0:0:0:0:0:1 │ 身份: 未验证 | 请求参数列表: {}
2023-12-29 19:10:11.784  WARN 16288 --- [http-nio-8080-exec-4] (53520583962529792) .w.s.m.s.DefaultHandlerExceptionResolver : Resolved [org.springframework.web.bind.ServletRequestBindingException: Missing request attribute 'userId' of type int]
2023-12-29 19:10:11.785  INFO 16288 --- [http-nio-8080-exec-4] (53520583962529792) com.example.filter.RequestLogFilter      : 请求处理耗时: 1ms | 响应结果: 400 错误
2023-12-29 19:10:56.527  INFO 16288 --- [org.springframework.amqp.rabbit.RabbitListenerEndpointContainer#0-2] (system) o.s.a.r.l.SimpleMessageListenerContainer : Waiting for workers to finish.
2023-12-29 19:10:57.129  INFO 16288 --- [org.springframework.amqp.rabbit.RabbitListenerEndpointContainer#0-2] (system) o.s.a.r.l.SimpleMessageListenerContainer : Successfully waited for workers to finish.
2023-12-29 19:10:57.252  INFO 16288 --- [SpringApplicationShutdownHook] (system) com.zaxxer.hikari.HikariDataSource       : HikariPool-1 - Shutdown initiated...
2023-12-29 19:10:57.267  INFO 16288 --- [SpringApplicationShutdownHook] (system) com.zaxxer.hikari.HikariDataSource       : HikariPool-1 - Shutdown completed.
2023-12-29 19:11:01.921  INFO 16048 --- [main] (system) c.example.MyProjectBackendApplication    : Starting MyProjectBackendApplication using Java 17.0.7 with PID 16048 (D:\JavaProject\My-project-Temp\my-project-backend\target\classes started by 56854 in D:\JavaProject\My-project-Temp)
2023-12-29 19:11:01.924  INFO 16048 --- [main] (system) c.example.MyProjectBackendApplication    : The following 1 profile is active: "dev"
2023-12-29 19:11:02.586  INFO 16048 --- [main] (system) .s.d.r.c.RepositoryConfigurationDelegate : Multiple Spring Data modules found, entering strict repository configuration mode
2023-12-29 19:11:02.589  INFO 16048 --- [main] (system) .s.d.r.c.RepositoryConfigurationDelegate : Bootstrapping Spring Data Redis repositories in DEFAULT mode.
2023-12-29 19:11:02.618  INFO 16048 --- [main] (system) .s.d.r.c.RepositoryConfigurationDelegate : Finished Spring Data repository scanning in 17 ms. Found 0 Redis repository interfaces.
2023-12-29 19:11:03.123  INFO 16048 --- [main] (system) o.s.b.w.embedded.tomcat.TomcatWebServer  : Tomcat initialized with port(s): 8080 (http)
2023-12-29 19:11:03.136  INFO 16048 --- [main] (system) o.apache.catalina.core.StandardService   : Starting service [Tomcat]
2023-12-29 19:11:03.136  INFO 16048 --- [main] (system) o.apache.catalina.core.StandardEngine    : Starting Servlet engine: [Apache Tomcat/10.1.16]
2023-12-29 19:11:03.202  INFO 16048 --- [main] (system) o.a.c.c.C.[Tomcat].[localhost].[/]       : Initializing Spring embedded WebApplicationContext
2023-12-29 19:11:03.202  INFO 16048 --- [main] (system) w.s.c.ServletWebServerApplicationContext : Root WebApplicationContext: initialization completed in 1222 ms
2023-12-29 19:11:04.187  INFO 16048 --- [main] (system) o.s.s.web.DefaultSecurityFilterChain     : Will secure any request with [org.springframework.security.web.session.DisableEncodeUrlFilter@67b3960b, org.springframework.security.web.context.request.async.WebAsyncManagerIntegrationFilter@415262a0, org.springframework.security.web.context.SecurityContextHolderFilter@6ab1f85b, org.springframework.security.web.header.HeaderWriterFilter@6968bb65, org.springframework.security.web.authentication.logout.LogoutFilter@36330be8, com.example.filter.JwtAuthenticationTokenFilter@50778bde, org.springframework.security.web.authentication.UsernamePasswordAuthenticationFilter@7921a37d, org.springframework.security.web.savedrequest.RequestCacheAwareFilter@5d8fd077, org.springframework.security.web.servletapi.SecurityContextHolderAwareRequestFilter@55fe9c2f, org.springframework.security.web.authentication.AnonymousAuthenticationFilter@19c1f6f4, org.springframework.security.web.session.SessionManagementFilter@2d2af12e, org.springframework.security.web.access.ExceptionTranslationFilter@2cdcfaa6, org.springframework.security.web.access.intercept.AuthorizationFilter@43090195]
2023-12-29 19:11:04.411  WARN 16048 --- [main] (system) ocalVariableTableParameterNameDiscoverer : Using deprecated '-debug' fallback for parameter name resolution. Compile the affected code with '-parameters' instead or avoid its introspection: org.springframework.amqp.rabbit.core.RabbitAdmin
2023-12-29 19:11:04.457  INFO 16048 --- [main] (system) o.s.b.w.embedded.tomcat.TomcatWebServer  : Tomcat started on port(s): 8080 (http) with context path ''
2023-12-29 19:11:04.460  INFO 16048 --- [main] (system) o.s.a.r.c.CachingConnectionFactory       : Attempting to connect to: [localhost:5672]
2023-12-29 19:11:04.501  INFO 16048 --- [main] (system) o.s.a.r.c.CachingConnectionFactory       : Created new connection: rabbitConnectionFactory#714c74eb:0/SimpleConnection@4301fa39 [delegate=amqp://root@127.0.0.1:5672//test, localPort=10152]
2023-12-29 19:11:04.537  INFO 16048 --- [main] (system) c.example.MyProjectBackendApplication    : Started MyProjectBackendApplication in 3.195 seconds (process running for 3.779)
2023-12-29 19:27:23.833  INFO 16048 --- [http-nio-8080-exec-1] (system) o.a.c.c.C.[Tomcat].[localhost].[/]       : Initializing Spring DispatcherServlet 'dispatcherServlet'
2023-12-29 19:27:23.834  INFO 16048 --- [http-nio-8080-exec-1] (system) o.s.web.servlet.DispatcherServlet        : Initializing Servlet 'dispatcherServlet'
2023-12-29 19:27:23.839  INFO 16048 --- [http-nio-8080-exec-1] (system) o.s.web.servlet.DispatcherServlet        : Completed initialization in 5 ms
2023-12-29 19:27:25.330  WARN 16048 --- [http-nio-8080-exec-1] (system) o.s.w.s.h.HandlerMappingIntrospector     : Cache miss for REQUEST dispatch to '/api/user/info' (previous null). Performing MatchableHandlerMapping lookup. This is logged once only at WARN level, and every time at TRACE.
2023-12-29 19:27:25.361  INFO 16048 --- [http-nio-8080-exec-1] (53524919086092288) com.example.filter.RequestLogFilter      : 请求URL: "/api/user/info" (GET) | 远程IP地址: 0:0:0:0:0:0:0:1 │ 身份: djt (UID: 1) | 角色: [ROLE_admin] | 请求参数列表: {}
2023-12-29 19:27:25.672  INFO 16048 --- [http-nio-8080-exec-1] (53524919086092288) com.zaxxer.hikari.HikariDataSource       : HikariPool-1 - Starting...
2023-12-29 19:27:26.322  INFO 16048 --- [http-nio-8080-exec-1] (53524919086092288) com.zaxxer.hikari.pool.HikariPool        : HikariPool-1 - Added connection com.mysql.cj.jdbc.ConnectionImpl@403afecd
2023-12-29 19:27:26.325  INFO 16048 --- [http-nio-8080-exec-1] (53524919086092288) com.zaxxer.hikari.HikariDataSource       : HikariPool-1 - Start completed.
2023-12-29 19:27:26.582  INFO 16048 --- [http-nio-8080-exec-1] (53524919086092288) com.example.filter.RequestLogFilter      : 请求处理耗时: 1225ms | 响应结果: {"code":200,"data":{"username":"djt","email":"568541648@qq.com","role":"admin","registerTime":"2023-12-21T19:57:23.000+00:00"},"message":"请求成功"}
2023-12-29 19:28:07.727  INFO 16048 --- [http-nio-8080-exec-6] (53525096798752768) com.example.filter.RequestLogFilter      : 请求URL: "/api/user/info" (GET) | 远程IP地址: 0:0:0:0:0:0:0:1 │ 身份: djt (UID: 1) | 角色: [ROLE_admin] | 请求参数列表: {}
2023-12-29 19:28:07.734  INFO 16048 --- [http-nio-8080-exec-6] (53525096798752768) com.example.filter.RequestLogFilter      : 请求处理耗时: 7ms | 响应结果: {"code":200,"data":{"username":"djt","email":"568541648@qq.com","role":"admin","registerTime":"2023-12-21T19:57:23.000+00:00"},"message":"请求成功"}
2023-12-29 19:28:11.724  INFO 16048 --- [http-nio-8080-exec-5] (53525113563385856) com.example.filter.RequestLogFilter      : 请求URL: "/api/user/info" (GET) | 远程IP地址: 0:0:0:0:0:0:0:1 │ 身份: djt (UID: 1) | 角色: [ROLE_admin] | 请求参数列表: {}
2023-12-29 19:28:11.730  INFO 16048 --- [http-nio-8080-exec-5] (53525113563385856) com.example.filter.RequestLogFilter      : 请求处理耗时: 6ms | 响应结果: {"code":200,"data":{"username":"djt","email":"568541648@qq.com","role":"admin","registerTime":"2023-12-21T19:57:23.000+00:00"},"message":"请求成功"}
2023-12-29 19:59:01.987  INFO 16048 --- [org.springframework.amqp.rabbit.RabbitListenerEndpointContainer#0-2] (system) o.s.a.r.l.SimpleMessageListenerContainer : Waiting for workers to finish.
2023-12-29 19:59:02.602  INFO 16048 --- [org.springframework.amqp.rabbit.RabbitListenerEndpointContainer#0-2] (system) o.s.a.r.l.SimpleMessageListenerContainer : Successfully waited for workers to finish.
2023-12-29 19:59:02.654  INFO 16048 --- [SpringApplicationShutdownHook] (system) com.zaxxer.hikari.HikariDataSource       : HikariPool-1 - Shutdown initiated...
2023-12-29 19:59:02.658  INFO 16048 --- [SpringApplicationShutdownHook] (system) com.zaxxer.hikari.HikariDataSource       : HikariPool-1 - Shutdown completed.
